{"/Users/seanjun/projects/stellar_math/src/app/properties.js":{"path":"/Users/seanjun/projects/stellar_math/src/app/properties.js","s":{"1":1,"2":1,"3":1,"4":1},"b":{},"f":{},"fnMap":{},"statementMap":{"1":{"start":{"line":1,"column":0},"end":{"line":19,"column":2}},"2":{"start":{"line":21,"column":0},"end":{"line":39,"column":2}},"3":{"start":{"line":41,"column":0},"end":{"line":60,"column":2}},"4":{"start":{"line":62,"column":0},"end":{"line":81,"column":2}}},"branchMap":{}},"/Users/seanjun/projects/stellar_math/src/app/routes.js":{"path":"/Users/seanjun/projects/stellar_math/src/app/routes.js","s":{"1":1,"2":1,"3":1,"4":1,"5":1,"6":1,"7":1,"8":0,"9":0,"10":0},"b":{},"f":{"1":1},"fnMap":{"1":{"name":"(anonymous_1)","line":10,"loc":{"start":{"line":10,"column":19},"end":{"line":10,"column":33}}}},"statementMap":{"1":{"start":{"line":1,"column":0},"end":{"line":3,"column":2}},"2":{"start":{"line":5,"column":0},"end":{"line":8,"column":2}},"3":{"start":{"line":10,"column":0},"end":{"line":22,"column":2}},"4":{"start":{"line":12,"column":4},"end":{"line":12,"column":35}},"5":{"start":{"line":13,"column":4},"end":{"line":13,"column":43}},"6":{"start":{"line":14,"column":4},"end":{"line":14,"column":43}},"7":{"start":{"line":15,"column":4},"end":{"line":15,"column":39}},"8":{"start":{"line":18,"column":4},"end":{"line":18,"column":42}},"9":{"start":{"line":20,"column":4},"end":{"line":20,"column":41}},"10":{"start":{"line":21,"column":4},"end":{"line":21,"column":41}}},"branchMap":{}},"/Users/seanjun/projects/stellar_math/src/app/controller/home.js":{"path":"/Users/seanjun/projects/stellar_math/src/app/controller/home.js","s":{"1":1,"2":0,"3":1,"4":0,"5":1,"6":0},"b":{},"f":{"1":0,"2":0,"3":0},"fnMap":{"1":{"name":"(anonymous_1)","line":1,"loc":{"start":{"line":1,"column":15},"end":{"line":1,"column":36}}},"2":{"name":"(anonymous_2)","line":5,"loc":{"start":{"line":5,"column":17},"end":{"line":5,"column":38}}},"3":{"name":"(anonymous_3)","line":9,"loc":{"start":{"line":9,"column":17},"end":{"line":9,"column":38}}}},"statementMap":{"1":{"start":{"line":1,"column":0},"end":{"line":3,"column":2}},"2":{"start":{"line":2,"column":4},"end":{"line":2,"column":25}},"3":{"start":{"line":5,"column":0},"end":{"line":7,"column":2}},"4":{"start":{"line":6,"column":4},"end":{"line":6,"column":27}},"5":{"start":{"line":9,"column":0},"end":{"line":11,"column":2}},"6":{"start":{"line":10,"column":4},"end":{"line":10,"column":27}}},"branchMap":{}},"/Users/seanjun/projects/stellar_math/src/app/api/health.js":{"path":"/Users/seanjun/projects/stellar_math/src/app/api/health.js","s":{"1":1,"2":1,"3":0},"b":{},"f":{"1":0},"fnMap":{"1":{"name":"(anonymous_1)","line":3,"loc":{"start":{"line":3,"column":17},"end":{"line":3,"column":36}}}},"statementMap":{"1":{"start":{"line":1,"column":0},"end":{"line":1,"column":47}},"2":{"start":{"line":3,"column":0},"end":{"line":9,"column":2}},"3":{"start":{"line":4,"column":4},"end":{"line":8,"column":7}}},"branchMap":{}},"/Users/seanjun/projects/stellar_math/src/app/api/auth.js":{"path":"/Users/seanjun/projects/stellar_math/src/app/api/auth.js","s":{"1":1,"2":1,"3":1,"4":0,"5":0,"6":0,"7":0,"8":0,"9":0,"10":0,"11":0,"12":0,"13":0,"14":0,"15":0,"16":0,"17":0,"18":0,"19":0,"20":1,"21":0,"22":0,"23":0,"24":0,"25":0,"26":0,"27":0,"28":0,"29":0,"30":0,"31":0,"32":0,"33":1,"34":0,"35":0,"36":0,"37":0,"38":0,"39":0,"40":0},"b":{"1":[0,0],"2":[0,0,0,0],"3":[0,0],"4":[0,0],"5":[0,0],"6":[0,0],"7":[0,0],"8":[0,0],"9":[0,0],"10":[0,0],"11":[0,0]},"f":{"1":0,"2":0,"3":0,"4":0,"5":0,"6":0,"7":0,"8":0,"9":0,"10":0,"11":0,"12":0,"13":0},"fnMap":{"1":{"name":"(anonymous_1)","line":4,"loc":{"start":{"line":4,"column":17},"end":{"line":4,"column":36}}},"2":{"name":"(anonymous_2)","line":13,"loc":{"start":{"line":13,"column":10},"end":{"line":13,"column":25}}},"3":{"name":"(anonymous_3)","line":24,"loc":{"start":{"line":24,"column":10},"end":{"line":24,"column":20}}},"4":{"name":"(anonymous_4)","line":27,"loc":{"start":{"line":27,"column":10},"end":{"line":27,"column":20}}},"5":{"name":"(anonymous_5)","line":30,"loc":{"start":{"line":30,"column":10},"end":{"line":30,"column":20}}},"6":{"name":"(anonymous_6)","line":34,"loc":{"start":{"line":34,"column":11},"end":{"line":34,"column":22}}},"7":{"name":"(anonymous_7)","line":41,"loc":{"start":{"line":41,"column":17},"end":{"line":41,"column":36}}},"8":{"name":"(anonymous_8)","line":50,"loc":{"start":{"line":50,"column":10},"end":{"line":50,"column":23}}},"9":{"name":"(anonymous_9)","line":56,"loc":{"start":{"line":56,"column":10},"end":{"line":56,"column":20}}},"10":{"name":"(anonymous_10)","line":59,"loc":{"start":{"line":59,"column":10},"end":{"line":59,"column":20}}},"11":{"name":"(anonymous_11)","line":65,"loc":{"start":{"line":65,"column":11},"end":{"line":65,"column":21}}},"12":{"name":"newSession","line":70,"loc":{"start":{"line":70,"column":0},"end":{"line":70,"column":31}}},"13":{"name":"(anonymous_13)","line":72,"loc":{"start":{"line":72,"column":51},"end":{"line":72,"column":65}}}},"statementMap":{"1":{"start":{"line":1,"column":0},"end":{"line":1,"column":38}},"2":{"start":{"line":2,"column":0},"end":{"line":2,"column":21}},"3":{"start":{"line":4,"column":0},"end":{"line":39,"column":2}},"4":{"start":{"line":5,"column":4},"end":{"line":5,"column":103}},"5":{"start":{"line":6,"column":4},"end":{"line":6,"column":13}},"6":{"start":{"line":8,"column":4},"end":{"line":10,"column":5}},"7":{"start":{"line":9,"column":8},"end":{"line":9,"column":35}},"8":{"start":{"line":12,"column":4},"end":{"line":38,"column":7}},"9":{"start":{"line":14,"column":8},"end":{"line":14,"column":85}},"10":{"start":{"line":14,"column":23},"end":{"line":14,"column":85}},"11":{"start":{"line":16,"column":8},"end":{"line":16,"column":26}},"12":{"start":{"line":17,"column":8},"end":{"line":21,"column":11}},"13":{"start":{"line":22,"column":8},"end":{"line":22,"column":42}},"14":{"start":{"line":25,"column":8},"end":{"line":25,"column":27}},"15":{"start":{"line":28,"column":8},"end":{"line":28,"column":37}},"16":{"start":{"line":32,"column":8},"end":{"line":32,"column":30}},"17":{"start":{"line":35,"column":8},"end":{"line":35,"column":40}},"18":{"start":{"line":36,"column":8},"end":{"line":36,"column":37}},"19":{"start":{"line":37,"column":8},"end":{"line":37,"column":82}},"20":{"start":{"line":41,"column":0},"end":{"line":68,"column":2}},"21":{"start":{"line":42,"column":4},"end":{"line":42,"column":61}},"22":{"start":{"line":43,"column":4},"end":{"line":43,"column":13}},"23":{"start":{"line":45,"column":4},"end":{"line":47,"column":5}},"24":{"start":{"line":46,"column":8},"end":{"line":46,"column":35}},"25":{"start":{"line":49,"column":4},"end":{"line":67,"column":7}},"26":{"start":{"line":51,"column":8},"end":{"line":51,"column":19}},"27":{"start":{"line":52,"column":8},"end":{"line":52,"column":73}},"28":{"start":{"line":52,"column":19},"end":{"line":52,"column":73}},"29":{"start":{"line":53,"column":8},"end":{"line":53,"column":37}},"30":{"start":{"line":57,"column":8},"end":{"line":57,"column":37}},"31":{"start":{"line":63,"column":8},"end":{"line":63,"column":35}},"32":{"start":{"line":66,"column":8},"end":{"line":66,"column":62}},"33":{"start":{"line":70,"column":0},"end":{"line":77,"column":1}},"34":{"start":{"line":71,"column":4},"end":{"line":71,"column":29}},"35":{"start":{"line":72,"column":4},"end":{"line":76,"column":7}},"36":{"start":{"line":72,"column":28},"end":{"line":76,"column":7}},"37":{"start":{"line":73,"column":8},"end":{"line":73,"column":42}},"38":{"start":{"line":73,"column":17},"end":{"line":73,"column":42}},"39":{"start":{"line":74,"column":8},"end":{"line":74,"column":41}},"40":{"start":{"line":75,"column":8},"end":{"line":75,"column":35}}},"branchMap":{"1":{"line":8,"type":"if","locations":[{"start":{"line":8,"column":4},"end":{"line":8,"column":4}},{"start":{"line":8,"column":4},"end":{"line":8,"column":4}}]},"2":{"line":8,"type":"binary-expr","locations":[{"start":{"line":8,"column":8},"end":{"line":8,"column":14}},{"start":{"line":8,"column":18},"end":{"line":8,"column":27}},{"start":{"line":8,"column":31},"end":{"line":8,"column":36}},{"start":{"line":8,"column":40},"end":{"line":8,"column":44}}]},"3":{"line":14,"type":"if","locations":[{"start":{"line":14,"column":8},"end":{"line":14,"column":8}},{"start":{"line":14,"column":8},"end":{"line":14,"column":8}}]},"4":{"line":36,"type":"cond-expr","locations":[{"start":{"line":36,"column":27},"end":{"line":36,"column":30}},{"start":{"line":36,"column":33},"end":{"line":36,"column":36}}]},"5":{"line":37,"type":"binary-expr","locations":[{"start":{"line":37,"column":45},"end":{"line":37,"column":48}},{"start":{"line":37,"column":52},"end":{"line":37,"column":79}}]},"6":{"line":45,"type":"if","locations":[{"start":{"line":45,"column":4},"end":{"line":45,"column":4}},{"start":{"line":45,"column":4},"end":{"line":45,"column":4}}]},"7":{"line":45,"type":"binary-expr","locations":[{"start":{"line":45,"column":8},"end":{"line":45,"column":14}},{"start":{"line":45,"column":18},"end":{"line":45,"column":27}}]},"8":{"line":52,"type":"if","locations":[{"start":{"line":52,"column":8},"end":{"line":52,"column":8}},{"start":{"line":52,"column":8},"end":{"line":52,"column":8}}]},"9":{"line":72,"type":"if","locations":[{"start":{"line":72,"column":4},"end":{"line":72,"column":4}},{"start":{"line":72,"column":4},"end":{"line":72,"column":4}}]},"10":{"line":72,"type":"binary-expr","locations":[{"start":{"line":72,"column":8},"end":{"line":72,"column":11}},{"start":{"line":72,"column":15},"end":{"line":72,"column":26}}]},"11":{"line":73,"type":"if","locations":[{"start":{"line":73,"column":8},"end":{"line":73,"column":8}},{"start":{"line":73,"column":8},"end":{"line":73,"column":8}}]}}}}