{"/Users/seanjun/projects/stellar_math/src/app/properties.js":{"path":"/Users/seanjun/projects/stellar_math/src/app/properties.js","s":{"1":1,"2":1,"3":1,"4":1},"b":{},"f":{},"fnMap":{},"statementMap":{"1":{"start":{"line":1,"column":0},"end":{"line":19,"column":2}},"2":{"start":{"line":21,"column":0},"end":{"line":39,"column":2}},"3":{"start":{"line":41,"column":0},"end":{"line":60,"column":2}},"4":{"start":{"line":62,"column":0},"end":{"line":81,"column":2}}},"branchMap":{}},"/Users/seanjun/projects/stellar_math/src/app/routes.js":{"path":"/Users/seanjun/projects/stellar_math/src/app/routes.js","s":{"1":1,"2":1,"3":1,"4":1,"5":1,"6":1,"7":1},"b":{},"f":{"1":1},"fnMap":{"1":{"name":"(anonymous_1)","line":10,"loc":{"start":{"line":10,"column":19},"end":{"line":10,"column":33}}}},"statementMap":{"1":{"start":{"line":1,"column":0},"end":{"line":3,"column":2}},"2":{"start":{"line":5,"column":0},"end":{"line":8,"column":2}},"3":{"start":{"line":10,"column":0},"end":{"line":19,"column":2}},"4":{"start":{"line":12,"column":4},"end":{"line":12,"column":35}},"5":{"start":{"line":13,"column":4},"end":{"line":13,"column":43}},"6":{"start":{"line":16,"column":4},"end":{"line":16,"column":42}},"7":{"start":{"line":18,"column":4},"end":{"line":18,"column":41}}},"branchMap":{}},"/Users/seanjun/projects/stellar_math/src/app/controller/home.js":{"path":"/Users/seanjun/projects/stellar_math/src/app/controller/home.js","s":{"1":1,"2":1,"3":1,"4":1},"b":{},"f":{"1":1,"2":1},"fnMap":{"1":{"name":"(anonymous_1)","line":1,"loc":{"start":{"line":1,"column":15},"end":{"line":1,"column":36}}},"2":{"name":"(anonymous_2)","line":5,"loc":{"start":{"line":5,"column":17},"end":{"line":5,"column":38}}}},"statementMap":{"1":{"start":{"line":1,"column":0},"end":{"line":3,"column":2}},"2":{"start":{"line":2,"column":4},"end":{"line":2,"column":25}},"3":{"start":{"line":5,"column":0},"end":{"line":7,"column":2}},"4":{"start":{"line":6,"column":4},"end":{"line":6,"column":27}}},"branchMap":{}},"/Users/seanjun/projects/stellar_math/src/app/api/health.js":{"path":"/Users/seanjun/projects/stellar_math/src/app/api/health.js","s":{"1":1,"2":1,"3":1},"b":{},"f":{"1":1},"fnMap":{"1":{"name":"(anonymous_1)","line":3,"loc":{"start":{"line":3,"column":17},"end":{"line":3,"column":36}}}},"statementMap":{"1":{"start":{"line":1,"column":0},"end":{"line":1,"column":47}},"2":{"start":{"line":3,"column":0},"end":{"line":9,"column":2}},"3":{"start":{"line":4,"column":4},"end":{"line":8,"column":7}}},"branchMap":{}},"/Users/seanjun/projects/stellar_math/src/app/api/auth.js":{"path":"/Users/seanjun/projects/stellar_math/src/app/api/auth.js","s":{"1":1,"2":1,"3":1,"4":3,"5":3,"6":3,"7":1,"8":2,"9":2,"10":1,"11":1,"12":1,"13":1,"14":2,"15":0,"16":0,"17":2,"18":2,"19":2,"20":1,"21":0,"22":0,"23":0,"24":0,"25":0,"26":0,"27":0},"b":{"1":[1,2],"2":[3,3,3,2],"3":[1,1],"4":[1,1],"5":[2,1],"6":[0,0],"7":[0,0],"8":[0,0]},"f":{"1":3,"2":2,"3":2,"4":0,"5":0,"6":2,"7":0,"8":0},"fnMap":{"1":{"name":"(anonymous_1)","line":4,"loc":{"start":{"line":4,"column":17},"end":{"line":4,"column":36}}},"2":{"name":"(anonymous_2)","line":13,"loc":{"start":{"line":13,"column":10},"end":{"line":13,"column":25}}},"3":{"name":"(anonymous_3)","line":25,"loc":{"start":{"line":25,"column":10},"end":{"line":25,"column":20}}},"4":{"name":"(anonymous_4)","line":28,"loc":{"start":{"line":28,"column":10},"end":{"line":28,"column":20}}},"5":{"name":"(anonymous_5)","line":31,"loc":{"start":{"line":31,"column":10},"end":{"line":31,"column":20}}},"6":{"name":"(anonymous_6)","line":35,"loc":{"start":{"line":35,"column":11},"end":{"line":35,"column":22}}},"7":{"name":"newSession","line":42,"loc":{"start":{"line":42,"column":0},"end":{"line":42,"column":31}}},"8":{"name":"(anonymous_8)","line":44,"loc":{"start":{"line":44,"column":51},"end":{"line":44,"column":65}}}},"statementMap":{"1":{"start":{"line":1,"column":0},"end":{"line":1,"column":38}},"2":{"start":{"line":2,"column":0},"end":{"line":2,"column":21}},"3":{"start":{"line":4,"column":0},"end":{"line":40,"column":2}},"4":{"start":{"line":5,"column":4},"end":{"line":5,"column":103}},"5":{"start":{"line":6,"column":4},"end":{"line":6,"column":13}},"6":{"start":{"line":8,"column":4},"end":{"line":10,"column":5}},"7":{"start":{"line":9,"column":8},"end":{"line":9,"column":35}},"8":{"start":{"line":12,"column":4},"end":{"line":39,"column":7}},"9":{"start":{"line":14,"column":8},"end":{"line":14,"column":85}},"10":{"start":{"line":14,"column":23},"end":{"line":14,"column":85}},"11":{"start":{"line":16,"column":8},"end":{"line":16,"column":26}},"12":{"start":{"line":17,"column":8},"end":{"line":22,"column":11}},"13":{"start":{"line":23,"column":8},"end":{"line":23,"column":42}},"14":{"start":{"line":26,"column":8},"end":{"line":26,"column":27}},"15":{"start":{"line":29,"column":8},"end":{"line":29,"column":37}},"16":{"start":{"line":33,"column":8},"end":{"line":33,"column":30}},"17":{"start":{"line":36,"column":8},"end":{"line":36,"column":40}},"18":{"start":{"line":37,"column":8},"end":{"line":37,"column":37}},"19":{"start":{"line":38,"column":8},"end":{"line":38,"column":82}},"20":{"start":{"line":42,"column":0},"end":{"line":49,"column":1}},"21":{"start":{"line":43,"column":4},"end":{"line":43,"column":29}},"22":{"start":{"line":44,"column":4},"end":{"line":48,"column":7}},"23":{"start":{"line":44,"column":28},"end":{"line":48,"column":7}},"24":{"start":{"line":45,"column":8},"end":{"line":45,"column":42}},"25":{"start":{"line":45,"column":17},"end":{"line":45,"column":42}},"26":{"start":{"line":46,"column":8},"end":{"line":46,"column":41}},"27":{"start":{"line":47,"column":8},"end":{"line":47,"column":35}}},"branchMap":{"1":{"line":8,"type":"if","locations":[{"start":{"line":8,"column":4},"end":{"line":8,"column":4}},{"start":{"line":8,"column":4},"end":{"line":8,"column":4}}]},"2":{"line":8,"type":"binary-expr","locations":[{"start":{"line":8,"column":8},"end":{"line":8,"column":14}},{"start":{"line":8,"column":18},"end":{"line":8,"column":27}},{"start":{"line":8,"column":31},"end":{"line":8,"column":36}},{"start":{"line":8,"column":40},"end":{"line":8,"column":44}}]},"3":{"line":14,"type":"if","locations":[{"start":{"line":14,"column":8},"end":{"line":14,"column":8}},{"start":{"line":14,"column":8},"end":{"line":14,"column":8}}]},"4":{"line":37,"type":"cond-expr","locations":[{"start":{"line":37,"column":27},"end":{"line":37,"column":30}},{"start":{"line":37,"column":33},"end":{"line":37,"column":36}}]},"5":{"line":38,"type":"binary-expr","locations":[{"start":{"line":38,"column":45},"end":{"line":38,"column":48}},{"start":{"line":38,"column":52},"end":{"line":38,"column":79}}]},"6":{"line":44,"type":"if","locations":[{"start":{"line":44,"column":4},"end":{"line":44,"column":4}},{"start":{"line":44,"column":4},"end":{"line":44,"column":4}}]},"7":{"line":44,"type":"binary-expr","locations":[{"start":{"line":44,"column":8},"end":{"line":44,"column":11}},{"start":{"line":44,"column":15},"end":{"line":44,"column":26}}]},"8":{"line":45,"type":"if","locations":[{"start":{"line":45,"column":8},"end":{"line":45,"column":8}},{"start":{"line":45,"column":8},"end":{"line":45,"column":8}}]}}}}