TN:
SF:/Users/seanjun/projects/stellar_math/src/app/properties.js
FNF:0
FNH:0
DA:1,1
DA:21,1
DA:41,1
DA:62,1
LF:4
LH:4
BRF:0
BRH:0
end_of_record
TN:
SF:/Users/seanjun/projects/stellar_math/src/app/routes.js
FN:10,(anonymous_1)
FNF:1
FNH:1
FNDA:1,(anonymous_1)
DA:1,1
DA:5,1
DA:10,1
DA:12,1
DA:13,1
DA:16,1
DA:18,1
LF:7
LH:7
BRF:0
BRH:0
end_of_record
TN:
SF:/Users/seanjun/projects/stellar_math/src/app/controller/home.js
FN:1,(anonymous_1)
FN:5,(anonymous_2)
FNF:2
FNH:2
FNDA:1,(anonymous_1)
FNDA:1,(anonymous_2)
DA:1,1
DA:2,1
DA:5,1
DA:6,1
LF:4
LH:4
BRF:0
BRH:0
end_of_record
TN:
SF:/Users/seanjun/projects/stellar_math/src/app/api/health.js
FN:3,(anonymous_1)
FNF:1
FNH:1
FNDA:1,(anonymous_1)
DA:1,1
DA:3,1
DA:4,1
LF:3
LH:3
BRF:0
BRH:0
end_of_record
TN:
SF:/Users/seanjun/projects/stellar_math/src/app/api/auth.js
FN:4,(anonymous_1)
FN:13,(anonymous_2)
FN:25,(anonymous_3)
FN:28,(anonymous_4)
FN:31,(anonymous_5)
FN:35,(anonymous_6)
FN:42,newSession
FN:44,(anonymous_8)
FNF:8
FNH:4
FNDA:3,(anonymous_1)
FNDA:2,(anonymous_2)
FNDA:2,(anonymous_3)
FNDA:0,(anonymous_4)
FNDA:0,(anonymous_5)
FNDA:2,(anonymous_6)
FNDA:0,newSession
FNDA:0,(anonymous_8)
DA:1,1
DA:2,1
DA:4,1
DA:5,3
DA:6,3
DA:8,3
DA:9,1
DA:12,2
DA:14,2
DA:16,1
DA:17,1
DA:23,1
DA:26,2
DA:29,0
DA:33,0
DA:36,2
DA:37,2
DA:38,2
DA:42,1
DA:43,0
DA:44,0
DA:45,0
DA:46,0
DA:47,0
LF:24
LH:17
BRDA:8,1,0,1
BRDA:8,1,1,2
BRDA:8,2,0,3
BRDA:8,2,1,3
BRDA:8,2,2,3
BRDA:8,2,3,2
BRDA:14,3,0,1
BRDA:14,3,1,1
BRDA:37,4,0,1
BRDA:37,4,1,1
BRDA:38,5,0,2
BRDA:38,5,1,1
BRDA:44,6,0,0
BRDA:44,6,1,0
BRDA:44,7,0,0
BRDA:44,7,1,0
BRDA:45,8,0,0
BRDA:45,8,1,0
BRF:18
BRH:12
end_of_record
